<?xml version="1.0" encoding="UTF-8"?>
<testng-results ignored="0" total="1" passed="1" failed="0" skipped="0">
  <reporter-output>
  </reporter-output>
  <suite started-at="2024-05-16T00:24:57 IST" name="Default suite" finished-at="2024-05-16T00:25:05 IST" duration-ms="7959">
    <groups>
    </groups>
    <test started-at="2024-05-16T00:24:57 IST" name="Default test" finished-at="2024-05-16T00:25:05 IST" duration-ms="7959">
      <class name="Assertion.AssertEqualsMethod">
        <test-method signature="Link()[pri:0, instance:Assertion.AssertEqualsMethod@10e41621]" started-at="2024-05-16T00:24:57 IST" name="Link" finished-at="2024-05-16T00:25:05 IST" duration-ms="7885" status="PASS">
          <reporter-output>
          </reporter-output>
        </test-method> <!-- Link -->
      </class> <!-- Assertion.AssertEqualsMethod -->
    </test> <!-- Default test -->
  </suite> <!-- Default suite -->
</testng-results>
